build/app/outputs/mapping/release/mapping.txt
# compiler: R8
# compiler_version: 1.5.64
# min_api: 16
# pg_map_id: ebe7f82
...
com.google.firebase.components.ComponentRuntime$$Lambda$5 -> com.google.firebase.components.k:
    com.google.firebase.components.ComponentRuntime$$Lambda$5 instance -> a
    java.lang.Object get() -> a
    com.google.firebase.inject.Provider lambdaFactory$() -> b
com.google.firebase.components.CycleDetector -> com.google.firebase.components.m:
    void detect(java.util.List) -> a
    java.util.Set getRoots(java.util.Set) -> a
    java.util.Set toGraph(java.util.List) -> b
com.google.firebase.components.CycleDetector$1 -> com.google.firebase.components.m$a:
com.google.firebase.components.CycleDetector$ComponentNode -> com.google.firebase.components.m$b:
    java.util.Set dependents -> c
    com.google.firebase.components.Component component -> a
    java.util.Set dependencies -> b
    void addDependency(com.google.firebase.components.CycleDetector$ComponentNode) -> a
    com.google.firebase.components.Component getComponent() -> a
    void addDependent(com.google.firebase.components.CycleDetector$ComponentNode) -> b
    java.util.Set getDependencies() -> b
    boolean isLeaf() -> c
    void removeDependent(com.google.firebase.components.CycleDetector$ComponentNode) -> c
    boolean isRoot() -> d
com.google.firebase.components.CycleDetector$Dep -> com.google.firebase.components.m$c:
    java.lang.Class anInterface -> a
    boolean set -> b
    boolean access$100(com.google.firebase.components.CycleDetector$Dep) -> a
com.google.firebase.components.Dependency -> com.google.firebase.components.n:
    int type -> b
    java.lang.Class anInterface -> a
    int injection -> c
    java.lang.Class getInterface() -> a
    com.google.firebase.components.Dependency optionalProvider(java.lang.Class) -> a
    boolean isDirectInjection() -> b
    com.google.firebase.components.Dependency required(java.lang.Class) -> b
    boolean isRequired() -> c
    com.google.firebase.components.Dependency setOf(java.lang.Class) -> c
    boolean isSet() -> d
com.google.firebase.components.DependencyCycleException -> com.google.firebase.components.o:
com.google.firebase.components.DependencyException -> com.google.firebase.components.p:
com.google.firebase.components.EventBus -> com.google.firebase.components.r:
    java.util.Map handlerMap -> a
    java.util.Queue pendingEvents -> b
    void enablePublishingAndFlushPending() -> a
    void lambda$publish$0(java.util.Map$Entry,com.google.firebase.events.Event) -> a
    void publish(com.google.firebase.events.Event) -> a
    java.util.Set getHandlers(com.google.firebase.events.Event) -> b
com.google.firebase.components.EventBus$$Lambda$1 -> com.google.firebase.components.q:
    java.util.Map$Entry arg$1 -> a
    com.google.firebase.events.Event arg$2 -> b
    java.lang.Runnable lambdaFactory$(java.util.Map$Entry,com.google.firebase.events.Event) -> a
com.google.firebase.components.Lazy -> com.google.firebase.components.s:
    com.google.firebase.inject.Provider provider -> b
    java.lang.Object UNINITIALIZED -> c
    java.lang.Object instance -> a
    java.lang.Object get() -> a
com.google.firebase.components.MissingDependencyException -> com.google.firebase.components.t:
com.google.firebase.components.Preconditions -> com.google.firebase.components.u:
    void checkArgument(boolean,java.lang.String) -> a
    java.lang.Object checkNotNull(java.lang.Object) -> a
    java.lang.Object checkNotNull(java.lang.Object,java.lang.String) -> a
    void checkState(boolean,java.lang.String) -> b